08/03/2021 12:30:39 INICIANDO...
08/03/2021 12:30:39 2.8.1.0
08/03/2021 12:30:39 Usuário: Nícolas Reis(Administrador)
08/03/2021 12:30:39 Versão do Sistema Operacional: 6.2.9200
08/03/2021 12:30:39 64 Bits: true
08/03/2021 12:30:39 Versão do Firefox.  ( 0.7 )
08/03/2021 12:30:39 UAC: Ativado
08/03/2021 12:30:39 Verificando se Firefox está instalado...
08/03/2021 12:30:39 Firefox não instalado.
08/03/2021 12:30:39 [Verificando Ambiente] Verificando...
08/03/2021 12:30:39 [Verificando Ambiente] Ativando Transport Layer Security (TLS)
08/03/2021 12:30:40 [Verificando Ambiente] Ok.
08/03/2021 12:30:40 [Arquivo hosts] Verificando...
08/03/2021 12:30:40 [Arquivo hosts] Ok.
08/03/2021 12:30:40 [Instalação de certificados raiz] Verificando...
08/03/2021 12:30:40 [Instalação de certificados raiz] Efetuando download do instalador...
08/03/2021 12:30:42 [Instalação de certificados raiz] Instalando...
08/03/2021 12:30:42 [Instalação de certificados raiz] Ok.
08/03/2021 12:30:42 [Terminal Services] Verificando...
08/03/2021 12:30:42 [Terminal Services] Ok.
08/03/2021 12:30:42 [Limpeza do cache IE] Verificando...
08/03/2021 12:30:42 [Limpeza do cache IE] Limpando...
08/03/2021 12:30:42 [Limpeza do cache IE] Ok.
08/03/2021 12:30:42 [Instalando Módulo de Segurança] Verificando...
08/03/2021 12:30:43 [Instalando Módulo de Segurança] Efetuando download do instalador...
08/03/2021 12:30:54 [Instalando Módulo de Segurança] Instalando...
08/03/2021 12:31:08 [Instalando Módulo de Segurança] Ok.
08/03/2021 12:31:08 [Preparando Ambiente] Verificando...
08/03/2021 12:31:08 [Preparando Ambiente] Ok.
08/03/2021 12:31:08 [Configurações do Módulo de Segurança] Verificando...
08/03/2021 12:31:08 [Configurações do Módulo de Segurança] Ok.
08/03/2021 12:31:08 [Instalando configurações da CAIXA] Verificando...
08/03/2021 12:31:58 [Instalando configurações da CAIXA] Instalando...
08/03/2021 12:32:07 [Instalando configurações da CAIXA] Ok.
08/03/2021 12:32:07 [Ajustando ambiente] Verificando...
08/03/2021 12:32:08 [Ajustando ambiente] Ok.
08/03/2021 12:32:08 [Atualizando listas] Verificando...
08/03/2021 12:32:08 [Atualizando listas] Ok.
08/03/2021 12:32:08 [Concluindo execucao] Verificando...
08/03/2021 12:32:10 [Concluindo execucao] CONCLUÍDO.
08/03/2021 12:32:10 CONCLUÍDO.
